{"/Users/shubhadipmaity/projects/travis-git/src/utils/index.ts": {"path":"/Users/shubhadipmaity/projects/travis-git/src/utils/index.ts","statementMap":{"0":{"start":{"line":1,"column":27},"end":{"line":1,"column":7}},"1":{"start":{"line":2,"column":4},"end":{"line":4,"column":5}},"2":{"start":{"line":3,"column":8},"end":{"line":null,"column":-1}},"3":{"start":{"line":5,"column":18},"end":{"line":5,"column":4}},"4":{"start":{"line":6,"column":16},"end":{"line":6,"column":4}},"5":{"start":{"line":7,"column":4},"end":{"line":null,"column":-1}},"6":{"start":{"line":10,"column":29},"end":{"line":10,"column":7}},"7":{"start":{"line":11,"column":4},"end":{"line":13,"column":5}},"8":{"start":{"line":12,"column":8},"end":{"line":null,"column":-1}},"9":{"start":{"line":14,"column":4},"end":{"line":null,"column":-1}},"10":{"start":{"line":16,"column":29},"end":{"line":16,"column":7}},"11":{"start":{"line":17,"column":4},"end":{"line":19,"column":5}},"12":{"start":{"line":18,"column":8},"end":{"line":null,"column":-1}},"13":{"start":{"line":20,"column":4},"end":{"line":null,"column":-1}}},"fnMap":{"0":{"name":"(anonymous_0)","decl":{"start":{"line":1,"column":27},"end":{"line":1,"column":25}},"loc":{"start":{"line":1,"column":44},"end":{"line":1,"column":7}}},"1":{"name":"(anonymous_1)","decl":{"start":{"line":10,"column":29},"end":{"line":10,"column":27}},"loc":{"start":{"line":10,"column":46},"end":{"line":10,"column":7}}},"2":{"name":"(anonymous_2)","decl":{"start":{"line":16,"column":29},"end":{"line":16,"column":27}},"loc":{"start":{"line":16,"column":46},"end":{"line":16,"column":7}}}},"branchMap":{"0":{"loc":{"start":{"line":2,"column":4},"end":{"line":4,"column":5}},"type":"if","locations":[{"start":{"line":2,"column":4},"end":{"line":4,"column":5}},{"start":{"line":2,"column":4},"end":{"line":4,"column":5}}]},"1":{"loc":{"start":{"line":11,"column":4},"end":{"line":13,"column":5}},"type":"if","locations":[{"start":{"line":11,"column":4},"end":{"line":13,"column":5}},{"start":{"line":11,"column":4},"end":{"line":13,"column":5}}]},"2":{"loc":{"start":{"line":17,"column":4},"end":{"line":19,"column":5}},"type":"if","locations":[{"start":{"line":17,"column":4},"end":{"line":19,"column":5}},{"start":{"line":17,"column":4},"end":{"line":19,"column":5}}]}},"s":{"0":1,"1":2,"2":1,"3":1,"4":1,"5":1,"6":1,"7":2,"8":1,"9":1,"10":1,"11":1,"12":0,"13":1},"f":{"0":2,"1":2,"2":1},"b":{"0":[1,1],"1":[1,1],"2":[0,1]}}
}
